<?xml version="1.0" encoding="UTF-8"?>
<coverage generated="1720550412271" clover="3.2.0">
  <project timestamp="1720550412271" name="All files">
    <metrics statements="123" coveredstatements="71" conditionals="22" coveredconditionals="5" methods="14" coveredmethods="7" elements="159" coveredelements="83" complexity="0" loc="123" ncloc="123" packages="2" files="5" classes="5"/>
    <package name="express-biztime">
      <metrics statements="25" coveredstatements="23" conditionals="4" coveredconditionals="2" methods="3" coveredmethods="2"/>
      <file name="app.js" path="/Users/rosscentanni/Desktop/Auburn/express-biztime/app.js">
        <metrics statements="15" coveredstatements="13" conditionals="2" coveredconditionals="1" methods="2" coveredmethods="1"/>
        <line num="4" count="3" type="stmt"/>
        <line num="8" count="3" type="stmt"/>
        <line num="9" count="3" type="stmt"/>
        <line num="10" count="3" type="stmt"/>
        <line num="12" count="3" type="stmt"/>
        <line num="14" count="3" type="stmt"/>
        <line num="15" count="3" type="stmt"/>
        <line num="16" count="3" type="stmt"/>
        <line num="21" count="3" type="stmt"/>
        <line num="22" count="0" type="stmt"/>
        <line num="23" count="0" type="stmt"/>
        <line num="28" count="3" type="stmt"/>
        <line num="29" count="6" type="cond" truecount="1" falsecount="1"/>
        <line num="31" count="6" type="stmt"/>
        <line num="38" count="3" type="stmt"/>
      </file>
      <file name="db.js" path="/Users/rosscentanni/Desktop/Auburn/express-biztime/db.js">
        <metrics statements="5" coveredstatements="5" conditionals="2" coveredconditionals="1" methods="0" coveredmethods="0"/>
        <line num="3" count="3" type="stmt"/>
        <line num="5" count="3" type="cond" truecount="1" falsecount="1"/>
        <line num="9" count="3" type="stmt"/>
        <line num="13" count="3" type="stmt"/>
        <line num="15" count="3" type="stmt"/>
      </file>
      <file name="expressError.js" path="/Users/rosscentanni/Desktop/Auburn/express-biztime/expressError.js">
        <metrics statements="5" coveredstatements="5" conditionals="0" coveredconditionals="0" methods="1" coveredmethods="1"/>
        <line num="9" count="6" type="stmt"/>
        <line num="10" count="6" type="stmt"/>
        <line num="11" count="6" type="stmt"/>
        <line num="12" count="6" type="stmt"/>
        <line num="17" count="3" type="stmt"/>
      </file>
    </package>
    <package name="express-biztime.routes">
      <metrics statements="98" coveredstatements="48" conditionals="18" coveredconditionals="3" methods="11" coveredmethods="5"/>
      <file name="companies.js" path="/Users/rosscentanni/Desktop/Auburn/express-biztime/routes/companies.js">
        <metrics statements="47" coveredstatements="11" conditionals="6" coveredconditionals="0" methods="6" coveredmethods="0"/>
        <line num="4" count="3" type="stmt"/>
        <line num="5" count="3" type="stmt"/>
        <line num="6" count="3" type="stmt"/>
        <line num="7" count="3" type="stmt"/>
        <line num="9" count="3" type="stmt"/>
        <line num="18" count="3" type="stmt"/>
        <line num="19" count="0" type="stmt"/>
        <line num="20" count="0" type="stmt"/>
        <line num="26" count="0" type="stmt"/>
        <line num="30" count="0" type="stmt"/>
        <line num="41" count="3" type="stmt"/>
        <line num="42" count="0" type="stmt"/>
        <line num="43" count="0" type="stmt"/>
        <line num="45" count="0" type="stmt"/>
        <line num="52" count="0" type="stmt"/>
        <line num="59" count="0" type="cond" truecount="0" falsecount="2"/>
        <line num="60" count="0" type="stmt"/>
        <line num="63" count="0" type="stmt"/>
        <line num="64" count="0" type="stmt"/>
        <line num="66" count="0" type="stmt"/>
        <line num="68" count="0" type="stmt"/>
        <line num="72" count="0" type="stmt"/>
        <line num="83" count="3" type="stmt"/>
        <line num="84" count="0" type="stmt"/>
        <line num="85" count="0" type="stmt"/>
        <line num="86" count="0" type="stmt"/>
        <line num="88" count="0" type="stmt"/>
        <line num="94" count="0" type="stmt"/>
        <line num="98" count="0" type="stmt"/>
        <line num="109" count="3" type="stmt"/>
        <line num="110" count="0" type="stmt"/>
        <line num="111" count="0" type="stmt"/>
        <line num="112" count="0" type="stmt"/>
        <line num="114" count="0" type="stmt"/>
        <line num="121" count="0" type="cond" truecount="0" falsecount="2"/>
        <line num="122" count="0" type="stmt"/>
        <line num="124" count="0" type="stmt"/>
        <line num="129" count="0" type="stmt"/>
        <line num="141" count="3" type="stmt"/>
        <line num="142" count="0" type="stmt"/>
        <line num="143" count="0" type="stmt"/>
        <line num="145" count="0" type="stmt"/>
        <line num="151" count="0" type="cond" truecount="0" falsecount="2"/>
        <line num="152" count="0" type="stmt"/>
        <line num="154" count="0" type="stmt"/>
        <line num="159" count="0" type="stmt"/>
        <line num="164" count="3" type="stmt"/>
      </file>
      <file name="invoices.js" path="/Users/rosscentanni/Desktop/Auburn/express-biztime/routes/invoices.js">
        <metrics statements="51" coveredstatements="37" conditionals="12" coveredconditionals="3" methods="5" coveredmethods="5"/>
        <line num="4" count="3" type="stmt"/>
        <line num="5" count="3" type="stmt"/>
        <line num="6" count="3" type="stmt"/>
        <line num="8" count="3" type="stmt"/>
        <line num="17" count="3" type="stmt"/>
        <line num="18" count="1" type="stmt"/>
        <line num="19" count="1" type="stmt"/>
        <line num="25" count="1" type="stmt"/>
        <line num="29" count="0" type="stmt"/>
        <line num="45" count="3" type="stmt"/>
        <line num="46" count="2" type="stmt"/>
        <line num="47" count="2" type="stmt"/>
        <line num="49" count="2" type="stmt"/>
        <line num="63" count="2" type="cond" truecount="1" falsecount="1"/>
        <line num="64" count="2" type="stmt"/>
        <line num="67" count="0" type="stmt"/>
        <line num="68" count="0" type="stmt"/>
        <line num="81" count="0" type="stmt"/>
        <line num="85" count="2" type="stmt"/>
        <line num="96" count="3" type="stmt"/>
        <line num="97" count="1" type="stmt"/>
        <line num="98" count="1" type="stmt"/>
        <line num="100" count="1" type="stmt"/>
        <line num="106" count="1" type="stmt"/>
        <line num="110" count="0" type="stmt"/>
        <line num="122" count="3" type="stmt"/>
        <line num="123" count="2" type="stmt"/>
        <line num="124" count="2" type="stmt"/>
        <line num="125" count="2" type="stmt"/>
        <line num="126" count="2" type="stmt"/>
        <line num="128" count="2" type="stmt"/>
        <line num="134" count="2" type="cond" truecount="1" falsecount="1"/>
        <line num="135" count="2" type="stmt"/>
        <line num="138" count="0" type="stmt"/>
        <line num="140" count="0" type="cond" truecount="0" falsecount="4"/>
        <line num="141" count="0" type="stmt"/>
        <line num="142" count="0" type="cond" truecount="0" falsecount="2"/>
        <line num="143" count="0" type="stmt"/>
        <line num="145" count="0" type="stmt"/>
        <line num="148" count="0" type="stmt"/>
        <line num="155" count="0" type="stmt"/>
        <line num="159" count="2" type="stmt"/>
        <line num="171" count="3" type="stmt"/>
        <line num="172" count="2" type="stmt"/>
        <line num="173" count="2" type="stmt"/>
        <line num="175" count="2" type="stmt"/>
        <line num="181" count="2" type="cond" truecount="1" falsecount="1"/>
        <line num="182" count="2" type="stmt"/>
        <line num="185" count="0" type="stmt"/>
        <line num="189" count="2" type="stmt"/>
        <line num="194" count="3" type="stmt"/>
      </file>
    </package>
  </project>
</coverage>
