{"/Users/rosscentanni/Desktop/Auburn/express-biztime/app.js": {"path":"/Users/rosscentanni/Desktop/Auburn/express-biztime/app.js","statementMap":{"0":{"start":{"line":4,"column":16},"end":{"line":4,"column":34}},"1":{"start":{"line":8,"column":21},"end":{"line":8,"column":46}},"2":{"start":{"line":9,"column":24},"end":{"line":9,"column":53}},"3":{"start":{"line":10,"column":23},"end":{"line":10,"column":51}},"4":{"start":{"line":12,"column":12},"end":{"line":12,"column":21}},"5":{"start":{"line":14,"column":0},"end":{"line":14,"column":24}},"6":{"start":{"line":15,"column":0},"end":{"line":15,"column":39}},"7":{"start":{"line":16,"column":0},"end":{"line":16,"column":37}},"8":{"start":{"line":21,"column":0},"end":{"line":24,"column":3}},"9":{"start":{"line":22,"column":14},"end":{"line":22,"column":48}},"10":{"start":{"line":23,"column":2},"end":{"line":23,"column":19}},"11":{"start":{"line":28,"column":0},"end":{"line":35,"column":3}},"12":{"start":{"line":29,"column":2},"end":{"line":29,"column":32}},"13":{"start":{"line":31,"column":2},"end":{"line":34,"column":5}},"14":{"start":{"line":38,"column":0},"end":{"line":38,"column":21}}},"fnMap":{"0":{"name":"(anonymous_0)","decl":{"start":{"line":21,"column":8},"end":{"line":21,"column":9}},"loc":{"start":{"line":21,"column":33},"end":{"line":24,"column":1}},"line":21},"1":{"name":"(anonymous_1)","decl":{"start":{"line":28,"column":8},"end":{"line":28,"column":9}},"loc":{"start":{"line":28,"column":33},"end":{"line":35,"column":1}},"line":28}},"branchMap":{"0":{"loc":{"start":{"line":29,"column":13},"end":{"line":29,"column":30}},"type":"binary-expr","locations":[{"start":{"line":29,"column":13},"end":{"line":29,"column":23}},{"start":{"line":29,"column":27},"end":{"line":29,"column":30}}],"line":29}},"s":{"0":3,"1":3,"2":3,"3":3,"4":3,"5":3,"6":3,"7":3,"8":3,"9":0,"10":0,"11":3,"12":6,"13":6,"14":3},"f":{"0":0,"1":6},"b":{"0":[6,0]},"_coverageSchema":"1a1c01bbd47fc00a2c39e90264f33305004495a9","hash":"d44b30d227cffb89054b02a2f3a9be4d07c53281"}
,"/Users/rosscentanni/Desktop/Auburn/express-biztime/db.js": {"path":"/Users/rosscentanni/Desktop/Auburn/express-biztime/db.js","statementMap":{"0":{"start":{"line":3,"column":19},"end":{"line":3,"column":32}},"1":{"start":{"line":5,"column":15},"end":{"line":7,"column":25}},"2":{"start":{"line":9,"column":13},"end":{"line":11,"column":2}},"3":{"start":{"line":13,"column":0},"end":{"line":13,"column":17}},"4":{"start":{"line":15,"column":0},"end":{"line":15,"column":24}}},"fnMap":{},"branchMap":{"0":{"loc":{"start":{"line":5,"column":15},"end":{"line":7,"column":25}},"type":"cond-expr","locations":[{"start":{"line":6,"column":2},"end":{"line":6,"column":30}},{"start":{"line":7,"column":2},"end":{"line":7,"column":25}}],"line":5}},"s":{"0":3,"1":3,"2":3,"3":3,"4":3},"f":{},"b":{"0":[3,0]},"_coverageSchema":"1a1c01bbd47fc00a2c39e90264f33305004495a9","hash":"e7fd9d21f2acab49d01c83f49b50a83a1dd026d8"}
,"/Users/rosscentanni/Desktop/Auburn/express-biztime/expressError.js": {"path":"/Users/rosscentanni/Desktop/Auburn/express-biztime/expressError.js","statementMap":{"0":{"start":{"line":9,"column":4},"end":{"line":9,"column":12}},"1":{"start":{"line":10,"column":4},"end":{"line":10,"column":27}},"2":{"start":{"line":11,"column":4},"end":{"line":11,"column":25}},"3":{"start":{"line":12,"column":4},"end":{"line":12,"column":30}},"4":{"start":{"line":17,"column":0},"end":{"line":17,"column":30}}},"fnMap":{"0":{"name":"(anonymous_0)","decl":{"start":{"line":8,"column":2},"end":{"line":8,"column":3}},"loc":{"start":{"line":8,"column":31},"end":{"line":13,"column":3}},"line":8}},"branchMap":{},"s":{"0":6,"1":6,"2":6,"3":6,"4":3},"f":{"0":6},"b":{},"_coverageSchema":"1a1c01bbd47fc00a2c39e90264f33305004495a9","hash":"afbd927c3a020d345cbc885f6109ca886db26842"}
,"/Users/rosscentanni/Desktop/Auburn/express-biztime/routes/companies.js": {"path":"/Users/rosscentanni/Desktop/Auburn/express-biztime/routes/companies.js","statementMap":{"0":{"start":{"line":4,"column":16},"end":{"line":4,"column":34}},"1":{"start":{"line":5,"column":16},"end":{"line":5,"column":34}},"2":{"start":{"line":6,"column":21},"end":{"line":6,"column":47}},"3":{"start":{"line":7,"column":11},"end":{"line":7,"column":27}},"4":{"start":{"line":9,"column":13},"end":{"line":9,"column":33}},"5":{"start":{"line":18,"column":0},"end":{"line":32,"column":3}},"6":{"start":{"line":19,"column":2},"end":{"line":31,"column":3}},"7":{"start":{"line":20,"column":19},"end":{"line":24,"column":5}},"8":{"start":{"line":26,"column":4},"end":{"line":26,"column":48}},"9":{"start":{"line":30,"column":4},"end":{"line":30,"column":21}},"10":{"start":{"line":41,"column":0},"end":{"line":74,"column":3}},"11":{"start":{"line":42,"column":2},"end":{"line":73,"column":3}},"12":{"start":{"line":43,"column":15},"end":{"line":43,"column":30}},"13":{"start":{"line":45,"column":23},"end":{"line":50,"column":5}},"14":{"start":{"line":52,"column":22},"end":{"line":57,"column":5}},"15":{"start":{"line":59,"column":4},"end":{"line":61,"column":5}},"16":{"start":{"line":60,"column":6},"end":{"line":60,"column":61}},"17":{"start":{"line":63,"column":20},"end":{"line":63,"column":38}},"18":{"start":{"line":64,"column":21},"end":{"line":64,"column":35}},"19":{"start":{"line":66,"column":4},"end":{"line":66,"column":51}},"20":{"start":{"line":66,"column":43},"end":{"line":66,"column":49}},"21":{"start":{"line":68,"column":4},"end":{"line":68,"column":42}},"22":{"start":{"line":72,"column":4},"end":{"line":72,"column":21}},"23":{"start":{"line":83,"column":0},"end":{"line":100,"column":3}},"24":{"start":{"line":84,"column":2},"end":{"line":99,"column":3}},"25":{"start":{"line":85,"column":30},"end":{"line":85,"column":38}},"26":{"start":{"line":86,"column":15},"end":{"line":86,"column":43}},"27":{"start":{"line":88,"column":19},"end":{"line":92,"column":34}},"28":{"start":{"line":94,"column":4},"end":{"line":94,"column":61}},"29":{"start":{"line":98,"column":4},"end":{"line":98,"column":21}},"30":{"start":{"line":109,"column":0},"end":{"line":132,"column":3}},"31":{"start":{"line":110,"column":2},"end":{"line":130,"column":3}},"32":{"start":{"line":111,"column":30},"end":{"line":111,"column":38}},"33":{"start":{"line":112,"column":15},"end":{"line":112,"column":30}},"34":{"start":{"line":114,"column":19},"end":{"line":119,"column":34}},"35":{"start":{"line":121,"column":4},"end":{"line":125,"column":5}},"36":{"start":{"line":122,"column":6},"end":{"line":122,"column":61}},"37":{"start":{"line":124,"column":6},"end":{"line":124,"column":51}},"38":{"start":{"line":129,"column":4},"end":{"line":129,"column":21}},"39":{"start":{"line":141,"column":0},"end":{"line":161,"column":3}},"40":{"start":{"line":142,"column":2},"end":{"line":160,"column":3}},"41":{"start":{"line":143,"column":15},"end":{"line":143,"column":30}},"42":{"start":{"line":145,"column":19},"end":{"line":149,"column":15}},"43":{"start":{"line":151,"column":4},"end":{"line":155,"column":5}},"44":{"start":{"line":152,"column":6},"end":{"line":152,"column":61}},"45":{"start":{"line":154,"column":6},"end":{"line":154,"column":45}},"46":{"start":{"line":159,"column":4},"end":{"line":159,"column":21}},"47":{"start":{"line":164,"column":0},"end":{"line":164,"column":24}}},"fnMap":{"0":{"name":"(anonymous_0)","decl":{"start":{"line":18,"column":16},"end":{"line":18,"column":17}},"loc":{"start":{"line":18,"column":48},"end":{"line":32,"column":1}},"line":18},"1":{"name":"(anonymous_1)","decl":{"start":{"line":41,"column":21},"end":{"line":41,"column":22}},"loc":{"start":{"line":41,"column":53},"end":{"line":74,"column":1}},"line":41},"2":{"name":"(anonymous_2)","decl":{"start":{"line":66,"column":36},"end":{"line":66,"column":37}},"loc":{"start":{"line":66,"column":43},"end":{"line":66,"column":49}},"line":66},"3":{"name":"(anonymous_3)","decl":{"start":{"line":83,"column":17},"end":{"line":83,"column":18}},"loc":{"start":{"line":83,"column":49},"end":{"line":100,"column":1}},"line":83},"4":{"name":"(anonymous_4)","decl":{"start":{"line":109,"column":21},"end":{"line":109,"column":22}},"loc":{"start":{"line":109,"column":53},"end":{"line":132,"column":1}},"line":109},"5":{"name":"(anonymous_5)","decl":{"start":{"line":141,"column":24},"end":{"line":141,"column":25}},"loc":{"start":{"line":141,"column":56},"end":{"line":161,"column":1}},"line":141}},"branchMap":{"0":{"loc":{"start":{"line":59,"column":4},"end":{"line":61,"column":5}},"type":"if","locations":[{"start":{"line":59,"column":4},"end":{"line":61,"column":5}},{"start":{},"end":{}}],"line":59},"1":{"loc":{"start":{"line":121,"column":4},"end":{"line":125,"column":5}},"type":"if","locations":[{"start":{"line":121,"column":4},"end":{"line":125,"column":5}},{"start":{"line":123,"column":11},"end":{"line":125,"column":5}}],"line":121},"2":{"loc":{"start":{"line":151,"column":4},"end":{"line":155,"column":5}},"type":"if","locations":[{"start":{"line":151,"column":4},"end":{"line":155,"column":5}},{"start":{"line":153,"column":11},"end":{"line":155,"column":5}}],"line":151}},"s":{"0":3,"1":3,"2":3,"3":3,"4":3,"5":3,"6":0,"7":0,"8":0,"9":0,"10":3,"11":0,"12":0,"13":0,"14":0,"15":0,"16":0,"17":0,"18":0,"19":0,"20":0,"21":0,"22":0,"23":3,"24":0,"25":0,"26":0,"27":0,"28":0,"29":0,"30":3,"31":0,"32":0,"33":0,"34":0,"35":0,"36":0,"37":0,"38":0,"39":3,"40":0,"41":0,"42":0,"43":0,"44":0,"45":0,"46":0,"47":3},"f":{"0":0,"1":0,"2":0,"3":0,"4":0,"5":0},"b":{"0":[0,0],"1":[0,0],"2":[0,0]},"_coverageSchema":"1a1c01bbd47fc00a2c39e90264f33305004495a9","hash":"55e2b2b6fdd3db8b04835e6777d6082cb326e0f8"}
,"/Users/rosscentanni/Desktop/Auburn/express-biztime/routes/invoices.js": {"path":"/Users/rosscentanni/Desktop/Auburn/express-biztime/routes/invoices.js","statementMap":{"0":{"start":{"line":4,"column":16},"end":{"line":4,"column":34}},"1":{"start":{"line":5,"column":21},"end":{"line":5,"column":47}},"2":{"start":{"line":6,"column":11},"end":{"line":6,"column":27}},"3":{"start":{"line":8,"column":13},"end":{"line":8,"column":33}},"4":{"start":{"line":17,"column":0},"end":{"line":31,"column":3}},"5":{"start":{"line":18,"column":2},"end":{"line":30,"column":3}},"6":{"start":{"line":19,"column":19},"end":{"line":23,"column":5}},"7":{"start":{"line":25,"column":4},"end":{"line":25,"column":47}},"8":{"start":{"line":29,"column":4},"end":{"line":29,"column":21}},"9":{"start":{"line":45,"column":0},"end":{"line":87,"column":3}},"10":{"start":{"line":46,"column":2},"end":{"line":86,"column":3}},"11":{"start":{"line":47,"column":13},"end":{"line":47,"column":26}},"12":{"start":{"line":49,"column":19},"end":{"line":61,"column":13}},"13":{"start":{"line":63,"column":4},"end":{"line":65,"column":5}},"14":{"start":{"line":64,"column":6},"end":{"line":64,"column":59}},"15":{"start":{"line":67,"column":17},"end":{"line":67,"column":31}},"16":{"start":{"line":68,"column":20},"end":{"line":79,"column":5}},"17":{"start":{"line":81,"column":4},"end":{"line":81,"column":42}},"18":{"start":{"line":85,"column":4},"end":{"line":85,"column":21}},"19":{"start":{"line":96,"column":0},"end":{"line":112,"column":3}},"20":{"start":{"line":97,"column":2},"end":{"line":111,"column":3}},"21":{"start":{"line":98,"column":27},"end":{"line":98,"column":35}},"22":{"start":{"line":100,"column":19},"end":{"line":104,"column":25}},"23":{"start":{"line":106,"column":4},"end":{"line":106,"column":49}},"24":{"start":{"line":110,"column":4},"end":{"line":110,"column":21}},"25":{"start":{"line":122,"column":0},"end":{"line":162,"column":3}},"26":{"start":{"line":123,"column":2},"end":{"line":160,"column":3}},"27":{"start":{"line":124,"column":22},"end":{"line":124,"column":30}},"28":{"start":{"line":125,"column":13},"end":{"line":125,"column":26}},"29":{"start":{"line":126,"column":19},"end":{"line":126,"column":23}},"30":{"start":{"line":128,"column":23},"end":{"line":132,"column":13}},"31":{"start":{"line":134,"column":4},"end":{"line":136,"column":5}},"32":{"start":{"line":135,"column":6},"end":{"line":135,"column":60}},"33":{"start":{"line":138,"column":25},"end":{"line":138,"column":53}},"34":{"start":{"line":140,"column":4},"end":{"line":146,"column":5}},"35":{"start":{"line":141,"column":6},"end":{"line":141,"column":28}},"36":{"start":{"line":142,"column":11},"end":{"line":146,"column":5}},"37":{"start":{"line":143,"column":6},"end":{"line":143,"column":21}},"38":{"start":{"line":145,"column":6},"end":{"line":145,"column":30}},"39":{"start":{"line":148,"column":19},"end":{"line":153,"column":34}},"40":{"start":{"line":155,"column":4},"end":{"line":155,"column":49}},"41":{"start":{"line":159,"column":4},"end":{"line":159,"column":21}},"42":{"start":{"line":171,"column":0},"end":{"line":191,"column":3}},"43":{"start":{"line":172,"column":2},"end":{"line":190,"column":3}},"44":{"start":{"line":173,"column":13},"end":{"line":173,"column":26}},"45":{"start":{"line":175,"column":19},"end":{"line":179,"column":13}},"46":{"start":{"line":181,"column":4},"end":{"line":183,"column":5}},"47":{"start":{"line":182,"column":6},"end":{"line":182,"column":60}},"48":{"start":{"line":185,"column":4},"end":{"line":185,"column":43}},"49":{"start":{"line":189,"column":4},"end":{"line":189,"column":21}},"50":{"start":{"line":194,"column":0},"end":{"line":194,"column":24}}},"fnMap":{"0":{"name":"(anonymous_0)","decl":{"start":{"line":17,"column":16},"end":{"line":17,"column":17}},"loc":{"start":{"line":17,"column":48},"end":{"line":31,"column":1}},"line":17},"1":{"name":"(anonymous_1)","decl":{"start":{"line":45,"column":19},"end":{"line":45,"column":20}},"loc":{"start":{"line":45,"column":51},"end":{"line":87,"column":1}},"line":45},"2":{"name":"(anonymous_2)","decl":{"start":{"line":96,"column":17},"end":{"line":96,"column":18}},"loc":{"start":{"line":96,"column":49},"end":{"line":112,"column":1}},"line":96},"3":{"name":"(anonymous_3)","decl":{"start":{"line":122,"column":19},"end":{"line":122,"column":20}},"loc":{"start":{"line":122,"column":51},"end":{"line":162,"column":1}},"line":122},"4":{"name":"(anonymous_4)","decl":{"start":{"line":171,"column":22},"end":{"line":171,"column":23}},"loc":{"start":{"line":171,"column":54},"end":{"line":191,"column":1}},"line":171}},"branchMap":{"0":{"loc":{"start":{"line":63,"column":4},"end":{"line":65,"column":5}},"type":"if","locations":[{"start":{"line":63,"column":4},"end":{"line":65,"column":5}},{"start":{},"end":{}}],"line":63},"1":{"loc":{"start":{"line":134,"column":4},"end":{"line":136,"column":5}},"type":"if","locations":[{"start":{"line":134,"column":4},"end":{"line":136,"column":5}},{"start":{},"end":{}}],"line":134},"2":{"loc":{"start":{"line":140,"column":4},"end":{"line":146,"column":5}},"type":"if","locations":[{"start":{"line":140,"column":4},"end":{"line":146,"column":5}},{"start":{"line":142,"column":11},"end":{"line":146,"column":5}}],"line":140},"3":{"loc":{"start":{"line":140,"column":8},"end":{"line":140,"column":29}},"type":"binary-expr","locations":[{"start":{"line":140,"column":8},"end":{"line":140,"column":21}},{"start":{"line":140,"column":25},"end":{"line":140,"column":29}}],"line":140},"4":{"loc":{"start":{"line":142,"column":11},"end":{"line":146,"column":5}},"type":"if","locations":[{"start":{"line":142,"column":11},"end":{"line":146,"column":5}},{"start":{"line":144,"column":11},"end":{"line":146,"column":5}}],"line":142},"5":{"loc":{"start":{"line":181,"column":4},"end":{"line":183,"column":5}},"type":"if","locations":[{"start":{"line":181,"column":4},"end":{"line":183,"column":5}},{"start":{},"end":{}}],"line":181}},"s":{"0":3,"1":3,"2":3,"3":3,"4":3,"5":1,"6":1,"7":1,"8":0,"9":3,"10":2,"11":2,"12":2,"13":2,"14":2,"15":0,"16":0,"17":0,"18":2,"19":3,"20":1,"21":1,"22":1,"23":1,"24":0,"25":3,"26":2,"27":2,"28":2,"29":2,"30":2,"31":2,"32":2,"33":0,"34":0,"35":0,"36":0,"37":0,"38":0,"39":0,"40":0,"41":2,"42":3,"43":2,"44":2,"45":2,"46":2,"47":2,"48":0,"49":2,"50":3},"f":{"0":1,"1":2,"2":1,"3":2,"4":2},"b":{"0":[2,0],"1":[2,0],"2":[0,0],"3":[0,0],"4":[0,0],"5":[2,0]},"_coverageSchema":"1a1c01bbd47fc00a2c39e90264f33305004495a9","hash":"c31da9041e0f3693d4447d504fbe615086bfe023"}
}
