TN:
SF:app.js
FN:21,(anonymous_0)
FN:28,(anonymous_1)
FNF:2
FNH:1
FNDA:0,(anonymous_0)
FNDA:6,(anonymous_1)
DA:4,3
DA:8,3
DA:9,3
DA:10,3
DA:12,3
DA:14,3
DA:15,3
DA:16,3
DA:21,3
DA:22,0
DA:23,0
DA:28,3
DA:29,6
DA:31,6
DA:38,3
LF:15
LH:13
BRDA:29,0,0,6
BRDA:29,0,1,0
BRF:2
BRH:1
end_of_record
TN:
SF:db.js
FNF:0
FNH:0
DA:3,3
DA:5,3
DA:9,3
DA:13,3
DA:15,3
LF:5
LH:5
BRDA:5,0,0,3
BRDA:5,0,1,0
BRF:2
BRH:1
end_of_record
TN:
SF:expressError.js
FN:8,(anonymous_0)
FNF:1
FNH:1
FNDA:6,(anonymous_0)
DA:9,6
DA:10,6
DA:11,6
DA:12,6
DA:17,3
LF:5
LH:5
BRF:0
BRH:0
end_of_record
TN:
SF:routes/companies.js
FN:18,(anonymous_0)
FN:41,(anonymous_1)
FN:66,(anonymous_2)
FN:83,(anonymous_3)
FN:109,(anonymous_4)
FN:141,(anonymous_5)
FNF:6
FNH:0
FNDA:0,(anonymous_0)
FNDA:0,(anonymous_1)
FNDA:0,(anonymous_2)
FNDA:0,(anonymous_3)
FNDA:0,(anonymous_4)
FNDA:0,(anonymous_5)
DA:4,3
DA:5,3
DA:6,3
DA:7,3
DA:9,3
DA:18,3
DA:19,0
DA:20,0
DA:26,0
DA:30,0
DA:41,3
DA:42,0
DA:43,0
DA:45,0
DA:52,0
DA:59,0
DA:60,0
DA:63,0
DA:64,0
DA:66,0
DA:68,0
DA:72,0
DA:83,3
DA:84,0
DA:85,0
DA:86,0
DA:88,0
DA:94,0
DA:98,0
DA:109,3
DA:110,0
DA:111,0
DA:112,0
DA:114,0
DA:121,0
DA:122,0
DA:124,0
DA:129,0
DA:141,3
DA:142,0
DA:143,0
DA:145,0
DA:151,0
DA:152,0
DA:154,0
DA:159,0
DA:164,3
LF:47
LH:11
BRDA:59,0,0,0
BRDA:59,0,1,0
BRDA:121,1,0,0
BRDA:121,1,1,0
BRDA:151,2,0,0
BRDA:151,2,1,0
BRF:6
BRH:0
end_of_record
TN:
SF:routes/invoices.js
FN:17,(anonymous_0)
FN:45,(anonymous_1)
FN:96,(anonymous_2)
FN:122,(anonymous_3)
FN:171,(anonymous_4)
FNF:5
FNH:5
FNDA:1,(anonymous_0)
FNDA:2,(anonymous_1)
FNDA:1,(anonymous_2)
FNDA:2,(anonymous_3)
FNDA:2,(anonymous_4)
DA:4,3
DA:5,3
DA:6,3
DA:8,3
DA:17,3
DA:18,1
DA:19,1
DA:25,1
DA:29,0
DA:45,3
DA:46,2
DA:47,2
DA:49,2
DA:63,2
DA:64,2
DA:67,0
DA:68,0
DA:81,0
DA:85,2
DA:96,3
DA:97,1
DA:98,1
DA:100,1
DA:106,1
DA:110,0
DA:122,3
DA:123,2
DA:124,2
DA:125,2
DA:126,2
DA:128,2
DA:134,2
DA:135,2
DA:138,0
DA:140,0
DA:141,0
DA:142,0
DA:143,0
DA:145,0
DA:148,0
DA:155,0
DA:159,2
DA:171,3
DA:172,2
DA:173,2
DA:175,2
DA:181,2
DA:182,2
DA:185,0
DA:189,2
DA:194,3
LF:51
LH:37
BRDA:63,0,0,2
BRDA:63,0,1,0
BRDA:134,1,0,2
BRDA:134,1,1,0
BRDA:140,2,0,0
BRDA:140,2,1,0
BRDA:140,3,0,0
BRDA:140,3,1,0
BRDA:142,4,0,0
BRDA:142,4,1,0
BRDA:181,5,0,2
BRDA:181,5,1,0
BRF:12
BRH:3
end_of_record
